<?xml version="1.0" encoding="UTF-8"?>
<!-- Generated by org.testng.reporters.JUnitReportReporter -->
<testsuite hostname="LAPTOP-PDD1PVNG" failures="0" tests="1" name="practice.RunTime" time="148.483" errors="0" timestamp="2022-09-26T18:21:37 IST" skipped="0">
  <testcase classname="practice.RunTime" name="run" time="148.483"/>
  <system-out/>
</testsuite> <!-- practice.RunTime -->
